#-----------------------------------------------------------
# Vivado v2016.3 (64-bit)
# SW Build 1682563 on Mon Oct 10 19:07:27 MDT 2016
# IP Build 1681267 on Mon Oct 10 21:28:31 MDT 2016
# Start of session at: Tue Dec 27 19:38:55 2022
# Process ID: 7520
# Current directory: C:/Users/ilkay/Desktop/fpga/project_9
# Command line: vivado.exe -gui_launcher_event rodinguilauncherevent8868 C:\Users\ilkay\Desktop\fpga\project_9\project_9.xpr
# Log file: C:/Users/ilkay/Desktop/fpga/project_9/vivado.log
# Journal file: C:/Users/ilkay/Desktop/fpga/project_9\vivado.jou
#-----------------------------------------------------------
start_gui
open_project C:/Users/ilkay/Desktop/fpga/project_9/project_9.xpr
Scanning sources...
Finished scanning sources
WARNING: [filemgmt 56-3] IP Output Repository Path: Could not find the directory 'C:/Users/ilkay/Desktop/fpga/project_9/project_9.cache/ip'.
INFO: [IP_Flow 19-234] Refreshing IP repositories
INFO: [IP_Flow 19-1704] No user IP repositories specified
INFO: [IP_Flow 19-2313] Loaded Vivado IP repository 'C:/Xilinx/Vivado/2016.3/data/ip'.
open_project: Time (s): cpu = 00:00:12 ; elapsed = 00:00:07 . Memory (MB): peak = 747.574 ; gain = 105.836
exit
INFO: [Common 17-206] Exiting Vivado at Tue Dec 27 19:39:50 2022...
