#-----------------------------------------------------------
# Vivado v2016.3 (64-bit)
# SW Build 1682563 on Mon Oct 10 19:07:27 MDT 2016
# IP Build 1681267 on Mon Oct 10 21:28:31 MDT 2016
# Start of session at: Tue Nov 08 23:09:58 2022
# Process ID: 3160
# Current directory: C:/Users/ilkay/Desktop/fpga/project_4
# Command line: vivado.exe -gui_launcher_event rodinguilauncherevent8256 C:\Users\ilkay\Desktop\fpga\project_4\project_4.xpr
# Log file: C:/Users/ilkay/Desktop/fpga/project_4/vivado.log
# Journal file: C:/Users/ilkay/Desktop/fpga/project_4\vivado.jou
#-----------------------------------------------------------
start_gui
open_project C:/Users/ilkay/Desktop/fpga/project_4/project_4.xpr
Scanning sources...
Finished scanning sources
WARNING: [filemgmt 56-3] IP Output Repository Path: Could not find the directory 'C:/Users/ilkay/Desktop/fpga/project_4/project_4.cache/ip'.
INFO: [IP_Flow 19-234] Refreshing IP repositories
INFO: [IP_Flow 19-1704] No user IP repositories specified
INFO: [IP_Flow 19-2313] Loaded Vivado IP repository 'C:/Xilinx/Vivado/2016.3/data/ip'.
open_project: Time (s): cpu = 00:00:13 ; elapsed = 00:00:10 . Memory (MB): peak = 717.227 ; gain = 125.863
reset_run synth_1
launch_runs impl_1
[Tue Nov 08 23:13:23 2022] Launched synth_1...
Run output will be captured here: C:/Users/ilkay/Desktop/fpga/project_4/project_4.runs/synth_1/runme.log
[Tue Nov 08 23:13:23 2022] Launched impl_1...
Run output will be captured here: C:/Users/ilkay/Desktop/fpga/project_4/project_4.runs/impl_1/runme.log
launch_simulation
INFO: [SIM-utils-51] Simulation object is 'sim_1'
INFO: [USF-XSim-37] Inspecting design source files for 'test1' in fileset 'sim_1'...
INFO: [USF-XSim-97] Finding global include files...
INFO: [USF-XSim-98] Fetching design files from 'sim_1'...
INFO: [USF-XSim-2] XSim::Compile design
INFO: [USF-XSim-61] Executing 'COMPILE and ANALYZE' step in 'C:/Users/ilkay/Desktop/fpga/project_4/project_4.sim/sim_1/behav'
"xvlog -m64 --relax -prj test1_vlog.prj"
INFO: [VRFC 10-2263] Analyzing Verilog file "C:/Users/ilkay/Desktop/fpga/project_4/project_4.srcs/sources_1/new/mux1.v" into library xil_defaultlib
INFO: [VRFC 10-311] analyzing module mux1
INFO: [VRFC 10-2263] Analyzing Verilog file "C:/Users/ilkay/Desktop/fpga/project_4/project_4.srcs/sources_1/new/final.v" into library xil_defaultlib
INFO: [VRFC 10-311] analyzing module final
INFO: [VRFC 10-2263] Analyzing Verilog file "C:/Users/ilkay/Desktop/fpga/project_4/project_4.srcs/sim_1/new/test1.v" into library xil_defaultlib
INFO: [VRFC 10-311] analyzing module test1
INFO: [VRFC 10-2263] Analyzing Verilog file "C:/Users/ilkay/Desktop/fpga/project_4/project_4.sim/sim_1/behav/glbl.v" into library xil_defaultlib
INFO: [VRFC 10-311] analyzing module glbl
INFO: [USF-XSim-69] 'compile' step finished in '2' seconds
INFO: [USF-XSim-3] XSim::Elaborate design
INFO: [USF-XSim-61] Executing 'ELABORATE' step in 'C:/Users/ilkay/Desktop/fpga/project_4/project_4.sim/sim_1/behav'
Vivado Simulator 2016.3
Copyright 1986-1999, 2001-2016 Xilinx, Inc. All Rights Reserved.
Running: C:/Xilinx/Vivado/2016.3/bin/unwrapped/win64.o/xelab.exe -wto 79f4359e43944f3fbe2de3bced727513 --debug typical --relax --mt 2 -L xil_defaultlib -L unisims_ver -L unimacro_ver -L secureip --snapshot test1_behav xil_defaultlib.test1 xil_defaultlib.glbl -log elaborate.log 
Using 2 slave threads.
Starting static elaboration
Completed static elaboration
Starting simulation data flow analysis
Completed simulation data flow analysis
Time Resolution for simulation is 1ps
Compiling module xil_defaultlib.mux1
Compiling module xil_defaultlib.final
Compiling module xil_defaultlib.test1
Compiling module xil_defaultlib.glbl
Built simulation snapshot test1_behav

****** Webtalk v2016.3 (64-bit)
  **** SW Build 1682563 on Mon Oct 10 19:07:27 MDT 2016
  **** IP Build 1681267 on Mon Oct 10 21:28:31 MDT 2016
    ** Copyright 1986-2016 Xilinx, Inc. All Rights Reserved.

source C:/Users/ilkay/Desktop/fpga/project_4/project_4.sim/sim_1/behav/xsim.dir/test1_behav/webtalk/xsim_webtalk.tcl -notrace
INFO: [Common 17-206] Exiting Webtalk at Tue Nov 08 23:15:43 2022...
run_program: Time (s): cpu = 00:00:01 ; elapsed = 00:00:07 . Memory (MB): peak = 749.043 ; gain = 0.000
INFO: [USF-XSim-69] 'elaborate' step finished in '7' seconds
INFO: [USF-XSim-4] XSim::Simulate design
INFO: [USF-XSim-61] Executing 'SIMULATE' step in 'C:/Users/ilkay/Desktop/fpga/project_4/project_4.sim/sim_1/behav'
INFO: [USF-XSim-98] *** Running xsim
   with args "test1_behav -key {Behavioral:sim_1:Functional:test1} -tclbatch {test1.tcl} -log {simulate.log}"
INFO: [USF-XSim-8] Loading simulator feature
Vivado Simulator 2016.3
Time resolution is 1 ps
source test1.tcl
# set curr_wave [current_wave_config]
# if { [string length $curr_wave] == 0 } {
#   if { [llength [get_objects]] > 0} {
#     add_wave /
#     set_property needs_save false [current_wave_config]
#   } else {
#      send_msg_id Add_Wave-1 WARNING "No top level signals found. Simulator will start without a wave window. If you want to open a wave window go to 'File->New Waveform Configuration' or type 'create_wave_config' in the TCL console."
#   }
# }
# run 1000ns
INFO: [USF-XSim-96] XSim completed. Design snapshot 'test1_behav' loaded.
INFO: [USF-XSim-97] XSim simulation ran for 1000ns
launch_simulation: Time (s): cpu = 00:00:06 ; elapsed = 00:00:14 . Memory (MB): peak = 749.043 ; gain = 0.000
close_sim
INFO: [Simtcl 6-16] Simulation closed
launch_simulation
INFO: [SIM-utils-51] Simulation object is 'sim_1'
INFO: [USF-XSim-37] Inspecting design source files for 'test1' in fileset 'sim_1'...
INFO: [USF-XSim-97] Finding global include files...
INFO: [USF-XSim-98] Fetching design files from 'sim_1'...
INFO: [USF-XSim-2] XSim::Compile design
INFO: [USF-XSim-61] Executing 'COMPILE and ANALYZE' step in 'C:/Users/ilkay/Desktop/fpga/project_4/project_4.sim/sim_1/behav'
"xvlog -m64 --relax -prj test1_vlog.prj"
INFO: [VRFC 10-2263] Analyzing Verilog file "C:/Users/ilkay/Desktop/fpga/project_4/project_4.srcs/sources_1/new/mux1.v" into library xil_defaultlib
INFO: [VRFC 10-311] analyzing module mux1
INFO: [VRFC 10-2263] Analyzing Verilog file "C:/Users/ilkay/Desktop/fpga/project_4/project_4.srcs/sources_1/new/final.v" into library xil_defaultlib
INFO: [VRFC 10-311] analyzing module final
INFO: [VRFC 10-2263] Analyzing Verilog file "C:/Users/ilkay/Desktop/fpga/project_4/project_4.srcs/sim_1/new/test1.v" into library xil_defaultlib
INFO: [VRFC 10-311] analyzing module test1
INFO: [VRFC 10-2263] Analyzing Verilog file "C:/Users/ilkay/Desktop/fpga/project_4/project_4.sim/sim_1/behav/glbl.v" into library xil_defaultlib
INFO: [VRFC 10-311] analyzing module glbl
INFO: [USF-XSim-69] 'compile' step finished in '2' seconds
INFO: [USF-XSim-3] XSim::Elaborate design
INFO: [USF-XSim-61] Executing 'ELABORATE' step in 'C:/Users/ilkay/Desktop/fpga/project_4/project_4.sim/sim_1/behav'
Vivado Simulator 2016.3
Copyright 1986-1999, 2001-2016 Xilinx, Inc. All Rights Reserved.
Running: C:/Xilinx/Vivado/2016.3/bin/unwrapped/win64.o/xelab.exe -wto 79f4359e43944f3fbe2de3bced727513 --debug typical --relax --mt 2 -L xil_defaultlib -L unisims_ver -L unimacro_ver -L secureip --snapshot test1_behav xil_defaultlib.test1 xil_defaultlib.glbl -log elaborate.log 
Using 2 slave threads.
Starting static elaboration
Completed static elaboration
Starting simulation data flow analysis
Completed simulation data flow analysis
Time Resolution for simulation is 1ps
Compiling module xil_defaultlib.mux1
Compiling module xil_defaultlib.final
Compiling module xil_defaultlib.test1
Compiling module xil_defaultlib.glbl
Built simulation snapshot test1_behav

****** Webtalk v2016.3 (64-bit)
  **** SW Build 1682563 on Mon Oct 10 19:07:27 MDT 2016
  **** IP Build 1681267 on Mon Oct 10 21:28:31 MDT 2016
    ** Copyright 1986-2016 Xilinx, Inc. All Rights Reserved.

source C:/Users/ilkay/Desktop/fpga/project_4/project_4.sim/sim_1/behav/xsim.dir/test1_behav/webtalk/xsim_webtalk.tcl -notrace
INFO: [Common 17-206] Exiting Webtalk at Tue Nov 08 23:16:36 2022...
INFO: [USF-XSim-69] 'elaborate' step finished in '4' seconds
INFO: [USF-XSim-4] XSim::Simulate design
INFO: [USF-XSim-61] Executing 'SIMULATE' step in 'C:/Users/ilkay/Desktop/fpga/project_4/project_4.sim/sim_1/behav'
INFO: [USF-XSim-98] *** Running xsim
   with args "test1_behav -key {Behavioral:sim_1:Functional:test1} -tclbatch {test1.tcl} -log {simulate.log}"
INFO: [USF-XSim-8] Loading simulator feature
Vivado Simulator 2016.3
Time resolution is 1 ps
source test1.tcl
# set curr_wave [current_wave_config]
# if { [string length $curr_wave] == 0 } {
#   if { [llength [get_objects]] > 0} {
#     add_wave /
#     set_property needs_save false [current_wave_config]
#   } else {
#      send_msg_id Add_Wave-1 WARNING "No top level signals found. Simulator will start without a wave window. If you want to open a wave window go to 'File->New Waveform Configuration' or type 'create_wave_config' in the TCL console."
#   }
# }
# run 1000ns
INFO: [USF-XSim-96] XSim completed. Design snapshot 'test1_behav' loaded.
INFO: [USF-XSim-97] XSim simulation ran for 1000ns
launch_simulation: Time (s): cpu = 00:00:02 ; elapsed = 00:00:08 . Memory (MB): peak = 758.980 ; gain = 0.000
close_sim
INFO: [Simtcl 6-16] Simulation closed
launch_simulation
INFO: [SIM-utils-51] Simulation object is 'sim_1'
INFO: [USF-XSim-37] Inspecting design source files for 'test1' in fileset 'sim_1'...
INFO: [USF-XSim-97] Finding global include files...
INFO: [USF-XSim-98] Fetching design files from 'sim_1'...
INFO: [USF-XSim-2] XSim::Compile design
INFO: [USF-XSim-61] Executing 'COMPILE and ANALYZE' step in 'C:/Users/ilkay/Desktop/fpga/project_4/project_4.sim/sim_1/behav'
"xvlog -m64 --relax -prj test1_vlog.prj"
INFO: [VRFC 10-2263] Analyzing Verilog file "C:/Users/ilkay/Desktop/fpga/project_4/project_4.srcs/sources_1/new/mux1.v" into library xil_defaultlib
INFO: [VRFC 10-311] analyzing module mux1
INFO: [VRFC 10-2263] Analyzing Verilog file "C:/Users/ilkay/Desktop/fpga/project_4/project_4.srcs/sources_1/new/final.v" into library xil_defaultlib
INFO: [VRFC 10-311] analyzing module final
INFO: [VRFC 10-2263] Analyzing Verilog file "C:/Users/ilkay/Desktop/fpga/project_4/project_4.srcs/sim_1/new/test1.v" into library xil_defaultlib
INFO: [VRFC 10-311] analyzing module test1
WARNING: [VRFC 10-965] invalid size of integer constant literal [C:/Users/ilkay/Desktop/fpga/project_4/project_4.srcs/sim_1/new/test1.v:46]
INFO: [VRFC 10-2263] Analyzing Verilog file "C:/Users/ilkay/Desktop/fpga/project_4/project_4.sim/sim_1/behav/glbl.v" into library xil_defaultlib
INFO: [VRFC 10-311] analyzing module glbl
INFO: [USF-XSim-69] 'compile' step finished in '1' seconds
INFO: [USF-XSim-3] XSim::Elaborate design
INFO: [USF-XSim-61] Executing 'ELABORATE' step in 'C:/Users/ilkay/Desktop/fpga/project_4/project_4.sim/sim_1/behav'
Vivado Simulator 2016.3
Copyright 1986-1999, 2001-2016 Xilinx, Inc. All Rights Reserved.
Running: C:/Xilinx/Vivado/2016.3/bin/unwrapped/win64.o/xelab.exe -wto 79f4359e43944f3fbe2de3bced727513 --debug typical --relax --mt 2 -L xil_defaultlib -L unisims_ver -L unimacro_ver -L secureip --snapshot test1_behav xil_defaultlib.test1 xil_defaultlib.glbl -log elaborate.log 
Using 2 slave threads.
Starting static elaboration
Completed static elaboration
Starting simulation data flow analysis
Completed simulation data flow analysis
Time Resolution for simulation is 1ps
Compiling module xil_defaultlib.mux1
Compiling module xil_defaultlib.final
Compiling module xil_defaultlib.test1
Compiling module xil_defaultlib.glbl
Built simulation snapshot test1_behav

****** Webtalk v2016.3 (64-bit)
  **** SW Build 1682563 on Mon Oct 10 19:07:27 MDT 2016
  **** IP Build 1681267 on Mon Oct 10 21:28:31 MDT 2016
    ** Copyright 1986-2016 Xilinx, Inc. All Rights Reserved.

source C:/Users/ilkay/Desktop/fpga/project_4/project_4.sim/sim_1/behav/xsim.dir/test1_behav/webtalk/xsim_webtalk.tcl -notrace
INFO: [Common 17-206] Exiting Webtalk at Tue Nov 08 23:18:14 2022...
INFO: [USF-XSim-69] 'elaborate' step finished in '5' seconds
INFO: [USF-XSim-4] XSim::Simulate design
INFO: [USF-XSim-61] Executing 'SIMULATE' step in 'C:/Users/ilkay/Desktop/fpga/project_4/project_4.sim/sim_1/behav'
INFO: [USF-XSim-98] *** Running xsim
   with args "test1_behav -key {Behavioral:sim_1:Functional:test1} -tclbatch {test1.tcl} -log {simulate.log}"
INFO: [USF-XSim-8] Loading simulator feature
Vivado Simulator 2016.3
Time resolution is 1 ps
source test1.tcl
# set curr_wave [current_wave_config]
# if { [string length $curr_wave] == 0 } {
#   if { [llength [get_objects]] > 0} {
#     add_wave /
#     set_property needs_save false [current_wave_config]
#   } else {
#      send_msg_id Add_Wave-1 WARNING "No top level signals found. Simulator will start without a wave window. If you want to open a wave window go to 'File->New Waveform Configuration' or type 'create_wave_config' in the TCL console."
#   }
# }
# run 1000ns
INFO: [USF-XSim-96] XSim completed. Design snapshot 'test1_behav' loaded.
INFO: [USF-XSim-97] XSim simulation ran for 1000ns
launch_simulation: Time (s): cpu = 00:00:03 ; elapsed = 00:00:08 . Memory (MB): peak = 784.238 ; gain = 0.000
close_sim
INFO: [Simtcl 6-16] Simulation closed
launch_simulation
INFO: [SIM-utils-51] Simulation object is 'sim_1'
INFO: [USF-XSim-37] Inspecting design source files for 'test1' in fileset 'sim_1'...
INFO: [USF-XSim-97] Finding global include files...
INFO: [USF-XSim-98] Fetching design files from 'sim_1'...
INFO: [USF-XSim-2] XSim::Compile design
INFO: [USF-XSim-61] Executing 'COMPILE and ANALYZE' step in 'C:/Users/ilkay/Desktop/fpga/project_4/project_4.sim/sim_1/behav'
"xvlog -m64 --relax -prj test1_vlog.prj"
INFO: [VRFC 10-2263] Analyzing Verilog file "C:/Users/ilkay/Desktop/fpga/project_4/project_4.srcs/sources_1/new/mux1.v" into library xil_defaultlib
INFO: [VRFC 10-311] analyzing module mux1
INFO: [VRFC 10-2263] Analyzing Verilog file "C:/Users/ilkay/Desktop/fpga/project_4/project_4.srcs/sources_1/new/final.v" into library xil_defaultlib
INFO: [VRFC 10-311] analyzing module final
INFO: [VRFC 10-2263] Analyzing Verilog file "C:/Users/ilkay/Desktop/fpga/project_4/project_4.srcs/sim_1/new/test1.v" into library xil_defaultlib
INFO: [VRFC 10-311] analyzing module test1
INFO: [VRFC 10-2263] Analyzing Verilog file "C:/Users/ilkay/Desktop/fpga/project_4/project_4.sim/sim_1/behav/glbl.v" into library xil_defaultlib
INFO: [VRFC 10-311] analyzing module glbl
INFO: [USF-XSim-69] 'compile' step finished in '2' seconds
INFO: [USF-XSim-3] XSim::Elaborate design
INFO: [USF-XSim-61] Executing 'ELABORATE' step in 'C:/Users/ilkay/Desktop/fpga/project_4/project_4.sim/sim_1/behav'
Vivado Simulator 2016.3
Copyright 1986-1999, 2001-2016 Xilinx, Inc. All Rights Reserved.
Running: C:/Xilinx/Vivado/2016.3/bin/unwrapped/win64.o/xelab.exe -wto 79f4359e43944f3fbe2de3bced727513 --debug typical --relax --mt 2 -L xil_defaultlib -L unisims_ver -L unimacro_ver -L secureip --snapshot test1_behav xil_defaultlib.test1 xil_defaultlib.glbl -log elaborate.log 
Using 2 slave threads.
Starting static elaboration
Completed static elaboration
Starting simulation data flow analysis
Completed simulation data flow analysis
Time Resolution for simulation is 1ps
Compiling module xil_defaultlib.mux1
Compiling module xil_defaultlib.final
Compiling module xil_defaultlib.test1
Compiling module xil_defaultlib.glbl
Built simulation snapshot test1_behav

****** Webtalk v2016.3 (64-bit)
  **** SW Build 1682563 on Mon Oct 10 19:07:27 MDT 2016
  **** IP Build 1681267 on Mon Oct 10 21:28:31 MDT 2016
    ** Copyright 1986-2016 Xilinx, Inc. All Rights Reserved.

source C:/Users/ilkay/Desktop/fpga/project_4/project_4.sim/sim_1/behav/xsim.dir/test1_behav/webtalk/xsim_webtalk.tcl -notrace
INFO: [Common 17-206] Exiting Webtalk at Tue Nov 08 23:18:49 2022...
INFO: [USF-XSim-69] 'elaborate' step finished in '4' seconds
INFO: [USF-XSim-4] XSim::Simulate design
INFO: [USF-XSim-61] Executing 'SIMULATE' step in 'C:/Users/ilkay/Desktop/fpga/project_4/project_4.sim/sim_1/behav'
INFO: [USF-XSim-98] *** Running xsim
   with args "test1_behav -key {Behavioral:sim_1:Functional:test1} -tclbatch {test1.tcl} -log {simulate.log}"
INFO: [USF-XSim-8] Loading simulator feature
Vivado Simulator 2016.3
Time resolution is 1 ps
source test1.tcl
# set curr_wave [current_wave_config]
# if { [string length $curr_wave] == 0 } {
#   if { [llength [get_objects]] > 0} {
#     add_wave /
#     set_property needs_save false [current_wave_config]
#   } else {
#      send_msg_id Add_Wave-1 WARNING "No top level signals found. Simulator will start without a wave window. If you want to open a wave window go to 'File->New Waveform Configuration' or type 'create_wave_config' in the TCL console."
#   }
# }
# run 1000ns
INFO: [USF-XSim-96] XSim completed. Design snapshot 'test1_behav' loaded.
INFO: [USF-XSim-97] XSim simulation ran for 1000ns
launch_simulation: Time (s): cpu = 00:00:02 ; elapsed = 00:00:08 . Memory (MB): peak = 784.238 ; gain = 0.000
close_sim
INFO: [Simtcl 6-16] Simulation closed
launch_simulation
INFO: [SIM-utils-51] Simulation object is 'sim_1'
INFO: [USF-XSim-37] Inspecting design source files for 'test1' in fileset 'sim_1'...
INFO: [USF-XSim-97] Finding global include files...
INFO: [USF-XSim-98] Fetching design files from 'sim_1'...
INFO: [USF-XSim-2] XSim::Compile design
INFO: [USF-XSim-61] Executing 'COMPILE and ANALYZE' step in 'C:/Users/ilkay/Desktop/fpga/project_4/project_4.sim/sim_1/behav'
"xvlog -m64 --relax -prj test1_vlog.prj"
INFO: [VRFC 10-2263] Analyzing Verilog file "C:/Users/ilkay/Desktop/fpga/project_4/project_4.srcs/sources_1/new/mux1.v" into library xil_defaultlib
INFO: [VRFC 10-311] analyzing module mux1
INFO: [VRFC 10-2263] Analyzing Verilog file "C:/Users/ilkay/Desktop/fpga/project_4/project_4.srcs/sources_1/new/final.v" into library xil_defaultlib
INFO: [VRFC 10-311] analyzing module final
INFO: [VRFC 10-2263] Analyzing Verilog file "C:/Users/ilkay/Desktop/fpga/project_4/project_4.srcs/sim_1/new/test1.v" into library xil_defaultlib
INFO: [VRFC 10-311] analyzing module test1
INFO: [VRFC 10-2263] Analyzing Verilog file "C:/Users/ilkay/Desktop/fpga/project_4/project_4.sim/sim_1/behav/glbl.v" into library xil_defaultlib
INFO: [VRFC 10-311] analyzing module glbl
INFO: [USF-XSim-69] 'compile' step finished in '3' seconds
INFO: [USF-XSim-3] XSim::Elaborate design
INFO: [USF-XSim-61] Executing 'ELABORATE' step in 'C:/Users/ilkay/Desktop/fpga/project_4/project_4.sim/sim_1/behav'
Vivado Simulator 2016.3
Copyright 1986-1999, 2001-2016 Xilinx, Inc. All Rights Reserved.
Running: C:/Xilinx/Vivado/2016.3/bin/unwrapped/win64.o/xelab.exe -wto 79f4359e43944f3fbe2de3bced727513 --debug typical --relax --mt 2 -L xil_defaultlib -L unisims_ver -L unimacro_ver -L secureip --snapshot test1_behav xil_defaultlib.test1 xil_defaultlib.glbl -log elaborate.log 
Using 2 slave threads.
Starting static elaboration
Completed static elaboration
Starting simulation data flow analysis
Completed simulation data flow analysis
Time Resolution for simulation is 1ps
Compiling module xil_defaultlib.mux1
Compiling module xil_defaultlib.final
Compiling module xil_defaultlib.test1
Compiling module xil_defaultlib.glbl
Built simulation snapshot test1_behav

****** Webtalk v2016.3 (64-bit)
  **** SW Build 1682563 on Mon Oct 10 19:07:27 MDT 2016
  **** IP Build 1681267 on Mon Oct 10 21:28:31 MDT 2016
    ** Copyright 1986-2016 Xilinx, Inc. All Rights Reserved.

source C:/Users/ilkay/Desktop/fpga/project_4/project_4.sim/sim_1/behav/xsim.dir/test1_behav/webtalk/xsim_webtalk.tcl -notrace
INFO: [Common 17-206] Exiting Webtalk at Tue Nov 08 23:19:52 2022...
run_program: Time (s): cpu = 00:00:00 ; elapsed = 00:00:06 . Memory (MB): peak = 784.238 ; gain = 0.000
INFO: [USF-XSim-69] 'elaborate' step finished in '6' seconds
INFO: [USF-XSim-4] XSim::Simulate design
INFO: [USF-XSim-61] Executing 'SIMULATE' step in 'C:/Users/ilkay/Desktop/fpga/project_4/project_4.sim/sim_1/behav'
INFO: [USF-XSim-98] *** Running xsim
   with args "test1_behav -key {Behavioral:sim_1:Functional:test1} -tclbatch {test1.tcl} -log {simulate.log}"
INFO: [USF-XSim-8] Loading simulator feature
Vivado Simulator 2016.3
Time resolution is 1 ps
source test1.tcl
# set curr_wave [current_wave_config]
# if { [string length $curr_wave] == 0 } {
#   if { [llength [get_objects]] > 0} {
#     add_wave /
#     set_property needs_save false [current_wave_config]
#   } else {
#      send_msg_id Add_Wave-1 WARNING "No top level signals found. Simulator will start without a wave window. If you want to open a wave window go to 'File->New Waveform Configuration' or type 'create_wave_config' in the TCL console."
#   }
# }
# run 1000ns
INFO: [USF-XSim-96] XSim completed. Design snapshot 'test1_behav' loaded.
INFO: [USF-XSim-97] XSim simulation ran for 1000ns
launch_simulation: Time (s): cpu = 00:00:03 ; elapsed = 00:00:11 . Memory (MB): peak = 784.238 ; gain = 0.000
close_sim
INFO: [Simtcl 6-16] Simulation closed
launch_simulation
INFO: [SIM-utils-51] Simulation object is 'sim_1'
INFO: [USF-XSim-37] Inspecting design source files for 'test1' in fileset 'sim_1'...
INFO: [USF-XSim-97] Finding global include files...
INFO: [USF-XSim-98] Fetching design files from 'sim_1'...
INFO: [USF-XSim-2] XSim::Compile design
INFO: [USF-XSim-61] Executing 'COMPILE and ANALYZE' step in 'C:/Users/ilkay/Desktop/fpga/project_4/project_4.sim/sim_1/behav'
"xvlog -m64 --relax -prj test1_vlog.prj"
INFO: [VRFC 10-2263] Analyzing Verilog file "C:/Users/ilkay/Desktop/fpga/project_4/project_4.srcs/sources_1/new/mux1.v" into library xil_defaultlib
INFO: [VRFC 10-311] analyzing module mux1
INFO: [VRFC 10-2263] Analyzing Verilog file "C:/Users/ilkay/Desktop/fpga/project_4/project_4.srcs/sources_1/new/final.v" into library xil_defaultlib
INFO: [VRFC 10-311] analyzing module final
INFO: [VRFC 10-2263] Analyzing Verilog file "C:/Users/ilkay/Desktop/fpga/project_4/project_4.srcs/sim_1/new/test1.v" into library xil_defaultlib
INFO: [VRFC 10-311] analyzing module test1
INFO: [VRFC 10-2263] Analyzing Verilog file "C:/Users/ilkay/Desktop/fpga/project_4/project_4.sim/sim_1/behav/glbl.v" into library xil_defaultlib
INFO: [VRFC 10-311] analyzing module glbl
INFO: [USF-XSim-69] 'compile' step finished in '2' seconds
INFO: [USF-XSim-3] XSim::Elaborate design
INFO: [USF-XSim-61] Executing 'ELABORATE' step in 'C:/Users/ilkay/Desktop/fpga/project_4/project_4.sim/sim_1/behav'
Vivado Simulator 2016.3
Copyright 1986-1999, 2001-2016 Xilinx, Inc. All Rights Reserved.
Running: C:/Xilinx/Vivado/2016.3/bin/unwrapped/win64.o/xelab.exe -wto 79f4359e43944f3fbe2de3bced727513 --debug typical --relax --mt 2 -L xil_defaultlib -L unisims_ver -L unimacro_ver -L secureip --snapshot test1_behav xil_defaultlib.test1 xil_defaultlib.glbl -log elaborate.log 
Using 2 slave threads.
Starting static elaboration
Completed static elaboration
Starting simulation data flow analysis
Completed simulation data flow analysis
Time Resolution for simulation is 1ps
Compiling module xil_defaultlib.mux1
Compiling module xil_defaultlib.final
Compiling module xil_defaultlib.test1
Compiling module xil_defaultlib.glbl
Built simulation snapshot test1_behav

****** Webtalk v2016.3 (64-bit)
  **** SW Build 1682563 on Mon Oct 10 19:07:27 MDT 2016
  **** IP Build 1681267 on Mon Oct 10 21:28:31 MDT 2016
    ** Copyright 1986-2016 Xilinx, Inc. All Rights Reserved.

source C:/Users/ilkay/Desktop/fpga/project_4/project_4.sim/sim_1/behav/xsim.dir/test1_behav/webtalk/xsim_webtalk.tcl -notrace
INFO: [Common 17-206] Exiting Webtalk at Tue Nov 08 23:20:31 2022...
run_program: Time (s): cpu = 00:00:00 ; elapsed = 00:00:05 . Memory (MB): peak = 784.238 ; gain = 0.000
INFO: [USF-XSim-69] 'elaborate' step finished in '5' seconds
INFO: [USF-XSim-4] XSim::Simulate design
INFO: [USF-XSim-61] Executing 'SIMULATE' step in 'C:/Users/ilkay/Desktop/fpga/project_4/project_4.sim/sim_1/behav'
INFO: [USF-XSim-98] *** Running xsim
   with args "test1_behav -key {Behavioral:sim_1:Functional:test1} -tclbatch {test1.tcl} -log {simulate.log}"
INFO: [USF-XSim-8] Loading simulator feature
Vivado Simulator 2016.3
Time resolution is 1 ps
source test1.tcl
# set curr_wave [current_wave_config]
# if { [string length $curr_wave] == 0 } {
#   if { [llength [get_objects]] > 0} {
#     add_wave /
#     set_property needs_save false [current_wave_config]
#   } else {
#      send_msg_id Add_Wave-1 WARNING "No top level signals found. Simulator will start without a wave window. If you want to open a wave window go to 'File->New Waveform Configuration' or type 'create_wave_config' in the TCL console."
#   }
# }
# run 1000ns
INFO: [USF-XSim-96] XSim completed. Design snapshot 'test1_behav' loaded.
INFO: [USF-XSim-97] XSim simulation ran for 1000ns
launch_simulation: Time (s): cpu = 00:00:01 ; elapsed = 00:00:09 . Memory (MB): peak = 784.238 ; gain = 0.000
synth_design -rtl -name rtl_1
Command: synth_design -rtl -name rtl_1
Starting synth_design
Using part: xc7a35tcpg236-1
Top: final
---------------------------------------------------------------------------------
Starting RTL Elaboration : Time (s): cpu = 00:02:46 ; elapsed = 00:10:48 . Memory (MB): peak = 798.895 ; gain = 588.945
---------------------------------------------------------------------------------
INFO: [Synth 8-638] synthesizing module 'final' [C:/Users/ilkay/Desktop/fpga/project_4/project_4.srcs/sources_1/new/final.v:3]
INFO: [Synth 8-638] synthesizing module 'mux1' [C:/Users/ilkay/Desktop/fpga/project_4/project_4.srcs/sources_1/new/mux1.v:3]
INFO: [Synth 8-256] done synthesizing module 'mux1' (1#1) [C:/Users/ilkay/Desktop/fpga/project_4/project_4.srcs/sources_1/new/mux1.v:3]
INFO: [Synth 8-256] done synthesizing module 'final' (2#1) [C:/Users/ilkay/Desktop/fpga/project_4/project_4.srcs/sources_1/new/final.v:3]
---------------------------------------------------------------------------------
Finished RTL Elaboration : Time (s): cpu = 00:02:47 ; elapsed = 00:10:50 . Memory (MB): peak = 825.930 ; gain = 615.980
---------------------------------------------------------------------------------

Report Check Netlist: 
+------+------------------+-------+---------+-------+------------------+
|      |Item              |Errors |Warnings |Status |Description       |
+------+------------------+-------+---------+-------+------------------+
|1     |multi_driven_nets |      0|        0|Passed |Multi driven nets |
+------+------------------+-------+---------+-------+------------------+
---------------------------------------------------------------------------------
Finished RTL Optimization Phase 1 : Time (s): cpu = 00:02:47 ; elapsed = 00:10:50 . Memory (MB): peak = 825.930 ; gain = 615.980
---------------------------------------------------------------------------------
INFO: [Device 21-403] Loading part xc7a35tcpg236-1
INFO: [Project 1-570] Preparing netlist for logic optimization

Processing XDC Constraints
Initializing timing engine
Completed Processing XDC Constraints

INFO: [Opt 31-138] Pushed 0 inverter(s) to 0 load pin(s).
INFO: [Project 1-111] Unisim Transformation Summary:
No Unisim elements were transformed.

RTL Elaboration Complete:  : Time (s): cpu = 00:03:11 ; elapsed = 00:11:08 . Memory (MB): peak = 1099.305 ; gain = 889.355
8 Infos, 0 Warnings, 0 Critical Warnings and 0 Errors encountered.
synth_design completed successfully
synth_design: Time (s): cpu = 00:00:33 ; elapsed = 00:00:27 . Memory (MB): peak = 1099.305 ; gain = 315.066
close_sim
INFO: [Simtcl 6-16] Simulation closed
exit
INFO: [Common 17-206] Exiting Vivado at Tue Nov 08 23:24:24 2022...
