#-----------------------------------------------------------
# Vivado v2016.3 (64-bit)
# SW Build 1682563 on Mon Oct 10 19:07:27 MDT 2016
# IP Build 1681267 on Mon Oct 10 21:28:31 MDT 2016
# Start of session at: Tue Oct 25 19:48:16 2022
# Process ID: 8640
# Current directory: C:/Users/ilkay/Desktop/fpga/project_3
# Command line: vivado.exe -gui_launcher_event rodinguilauncherevent5696 C:\Users\ilkay\Desktop\fpga\project_3\project_3.xpr
# Log file: C:/Users/ilkay/Desktop/fpga/project_3/vivado.log
# Journal file: C:/Users/ilkay/Desktop/fpga/project_3\vivado.jou
#-----------------------------------------------------------
start_gui
open_project C:/Users/ilkay/Desktop/fpga/project_3/project_3.xpr
Scanning sources...
Finished scanning sources
WARNING: [filemgmt 56-3] IP Output Repository Path: Could not find the directory 'C:/Users/ilkay/Desktop/fpga/project_3/project_3.cache/ip'.
INFO: [IP_Flow 19-234] Refreshing IP repositories
INFO: [IP_Flow 19-1704] No user IP repositories specified
INFO: [IP_Flow 19-2313] Loaded Vivado IP repository 'C:/Xilinx/Vivado/2016.3/data/ip'.
open_project: Time (s): cpu = 00:00:11 ; elapsed = 00:00:06 . Memory (MB): peak = 753.379 ; gain = 114.895
exit
INFO: [Common 17-206] Exiting Vivado at Tue Oct 25 19:49:08 2022...
