#-----------------------------------------------------------
# Vivado v2016.3 (64-bit)
# SW Build 1682563 on Mon Oct 10 19:07:27 MDT 2016
# IP Build 1681267 on Mon Oct 10 21:28:31 MDT 2016
# Start of session at: Tue Oct 25 20:39:26 2022
# Process ID: 252
# Current directory: C:/Users/ilkay/Desktop/fpga/project_1
# Command line: vivado.exe -gui_launcher_event rodinguilauncherevent9724 C:\Users\ilkay\Desktop\fpga\project_1\project_1.xpr
# Log file: C:/Users/ilkay/Desktop/fpga/project_1/vivado.log
# Journal file: C:/Users/ilkay/Desktop/fpga/project_1\vivado.jou
#-----------------------------------------------------------
start_gui
open_project C:/Users/ilkay/Desktop/fpga/project_1/project_1.xpr
Scanning sources...
Finished scanning sources
WARNING: [filemgmt 56-3] IP Output Repository Path: Could not find the directory 'C:/Users/ilkay/Desktop/fpga/project_1/project_1.cache/ip'.
INFO: [IP_Flow 19-234] Refreshing IP repositories
INFO: [IP_Flow 19-1704] No user IP repositories specified
INFO: [IP_Flow 19-2313] Loaded Vivado IP repository 'C:/Xilinx/Vivado/2016.3/data/ip'.
open_project: Time (s): cpu = 00:00:15 ; elapsed = 00:00:11 . Memory (MB): peak = 732.617 ; gain = 89.168
exit
INFO: [Common 17-206] Exiting Vivado at Tue Oct 25 21:09:46 2022...
