#-----------------------------------------------------------
# Vivado v2016.3 (64-bit)
# SW Build 1682563 on Mon Oct 10 19:07:27 MDT 2016
# IP Build 1681267 on Mon Oct 10 21:28:31 MDT 2016
# Start of session at: Fri Oct 21 17:09:23 2022
# Process ID: 5516
# Current directory: C:/Users/ilkay/Desktop/fpga/project_2
# Command line: vivado.exe -gui_launcher_event rodinguilauncherevent9736 C:\Users\ilkay\Desktop\fpga\project_2\project_2.xpr
# Log file: C:/Users/ilkay/Desktop/fpga/project_2/vivado.log
# Journal file: C:/Users/ilkay/Desktop/fpga/project_2\vivado.jou
#-----------------------------------------------------------
start_gui
open_project C:/Users/ilkay/Desktop/fpga/project_2/project_2.xpr
Scanning sources...
Finished scanning sources
WARNING: [filemgmt ****** Webtalk v2016.3 (64-bit)
  **** SW Build 1682563 on Mon Oct 10 19:07:27 MDT 2016
  **** IP Build 1681267 on Mon Oct 10 21:28:31 MDT 2016
    ** Copyright 1986-2016 Xilinx, Inc. All Rights Reserved.

source C:/Users/ilkay/DeINFO: [IP_Flow 19-2313] Loaded Vivado IP repository 'C:/Xilinx/Vivado/2016.3/data/ip'.
open_project: Time (s): cpu = 00:00:18 ; elapsed = 00:00:43 . Memory (MB): peak = 699.766 ; gain = 86.805
exit
INFO: [Common 17-206] Exiting Vivado at Fri Oct 21 17:11:27 2022...
