#-----------------------------------------------------------
# Vivado v2016.3 (64-bit)
# SW Build 1682563 on Mon Oct 10 19:07:27 MDT 2016
# IP Build 1681267 on Mon Oct 10 21:28:31 MDT 2016
# Start of session at: Tue Oct 25 20:39:32 2022
# Process ID: 5348
# Current directory: C:/Users/ilkay/Desktop/fpga/project_2
# Command line: vivado.exe -gui_launcher_event rodinguilauncherevent6148 C:\Users\ilkay\Desktop\fpga\project_2\project_2.xpr
# Log file: C:/Users/ilkay/Desktop/fpga/project_2/vivado.log
# Journal file: C:/Users/ilkay/Desktop/fpga/project_2\vivado.jou
#-----------------------------------------------------------
start_gui
open_project C:/Users/ilkay/Desktop/fpga/project_2/project_2.xpr
Scanning sources...
Finished scanning sources
WARNING: [filemgmt 56-3] IP Output Repository Path: Could not find the directory 'C:/Users/ilkay/Desktop/fpga/project_2/project_2.cache/ip'.
INFO: [IP_Flow 19-234] Refreshing IP repositories
INFO: [IP_Flow 19-1704] No user IP repositories specified
INFO: [IP_Flow 19-2313] Loaded Vivado IP repository 'C:/Xilinx/Vivado/2016.3/data/ip'.
open_project: Time (s): cpu = 00:00:15 ; elapsed = 00:00:11 . Memory (MB): peak = 731.652 ; gain = 96.516
exit
INFO: [Common 17-206] Exiting Vivado at Tue Oct 25 21:13:58 2022...
